<?xml version="1.0" encoding="UTF-8"?>
<!-- Generated by org.testng.reporters.JUnitXMLReporter -->
<testsuite hostname="DESKTOP-HUDNDMF" ignored="0" name="Command line test" tests="1" failures="0" timestamp="18 Mar 2019 05:43:09 GMT" time="0.11" errors="0">
  <testcase name="@AfterClass tearDown" time="0.0" classname="com.expedia.flightsbooking.JdbcDemoTest">
    <failure type="java.lang.NullPointerException">
      <![CDATA[java.lang.NullPointerException
at com.expedia.flightsbooking.JdbcDemoTest.tearDown(JdbcDemoTest.java:58)
... Removed 36 stack frames]]>
    </failure>
  </testcase> <!-- @AfterClass tearDown -->
  <testcase name="test1" time="0.015" classname="com.expedia.flightsbooking.JdbcDemoTest"/>
</testsuite> <!-- Command line test -->
